<?xml version="1.0" encoding="UTF-8"?>
<robot generator="Robot 4.1.3 (Python 3.10.2 on win32)" generated="20220208 12:30:13.040" rpa="false" schemaversion="2">
<suite id="s1" name="Folder tests" source="c:\Users\dhosman\PycharmProjects\Android_Project\Tests\Folder_tests.robot">
<test id="s1-t1" name="Just a test">
<kw name="Launch ToolsAndroid" library="android-res">
<kw name="Open Application" library="AppiumLibrary">
<arg>http://localhost:4723/wd/hub</arg>
<arg>platformName=Android</arg>
<arg>noReset=true</arg>
<arg>autoGrantPermissions=false</arg>
<arg>appPackage=${APP-ID}</arg>
<arg>appActivity=${APP-ACTIVITY}</arg>
<arg>automationName=Uiautomator2</arg>
<doc>Opens a new application to given Appium server.
Capabilities of appium server, Android and iOS,
Please check https://github.com/appium/appium/blob/master/docs/en/writing-running-appium/server-args.md
| *Option*            | *Man.* | *Description*     |
| remote_url          | Yes    | Appium server url |
| alias               | no     | alias             |</doc>
<status status="PASS" starttime="20220208 12:30:14.710" endtime="20220208 12:30:30.692"/>
</kw>
<status status="PASS" starttime="20220208 12:30:14.709" endtime="20220208 12:30:30.692"/>
</kw>
<kw name="Swipe Up" library="android-res">
<arg>${LIBRARY-FILESANDFOLDERS-LIST}</arg>
<kw name="Get Substring" library="String">
<var>${LIST-ID-SUBSTRING}</var>
<arg>${LIST-ID}</arg>
<arg>3</arg>
<doc>Returns a substring from ``start`` index to ``end`` index.</doc>
<msg timestamp="20220208 12:30:30.694" level="INFO">${LIST-ID-SUBSTRING} = com.flir.tools.debug:id/rv_items</msg>
<status status="PASS" starttime="20220208 12:30:30.693" endtime="20220208 12:30:30.727"/>
</kw>
<kw name="Set Variable" library="BuiltIn">
<var>${LIST-ID}</var>
<arg>${LIST-ID-SUBSTRING}</arg>
<doc>Returns the given values which can then be assigned to a variables.</doc>
<msg timestamp="20220208 12:30:30.728" level="INFO">${LIST-ID} = com.flir.tools.debug:id/rv_items</msg>
<status status="PASS" starttime="20220208 12:30:30.727" endtime="20220208 12:30:30.728"/>
</kw>
<kw name="Get Element Size" library="AppiumLibrary">
<var>${ELEMENT_SIZE}</var>
<arg>id=${LIST-ID}</arg>
<doc>Get element size</doc>
<msg timestamp="20220208 12:30:32.404" level="INFO">Element 'id=com.flir.tools.debug:id/rv_items' size: {'height': 1288, 'width': 1080} </msg>
<msg timestamp="20220208 12:30:32.404" level="INFO">${ELEMENT_SIZE} = {'height': 1288, 'width': 1080}</msg>
<status status="PASS" starttime="20220208 12:30:30.728" endtime="20220208 12:30:32.404"/>
</kw>
<kw name="Get Element Location" library="AppiumLibrary">
<var>${ELEMENT_LOCATION}</var>
<arg>id=${LIST-ID}</arg>
<doc>Get element location</doc>
<msg timestamp="20220208 12:30:32.616" level="INFO">Element 'id=com.flir.tools.debug:id/rv_items' location: {'x': 0, 'y': 698} </msg>
<msg timestamp="20220208 12:30:32.616" level="INFO">${ELEMENT_LOCATION} = {'x': 0, 'y': 698}</msg>
<status status="PASS" starttime="20220208 12:30:32.404" endtime="20220208 12:30:32.616"/>
</kw>
<kw name="Evaluate" library="BuiltIn">
<var>${START_X}</var>
<arg>${ELEMENT_LOCATION['x']} + (${ELEMENT_SIZE['width']} * 0.5)</arg>
<doc>Evaluates the given expression in Python and returns the result.</doc>
<msg timestamp="20220208 12:30:32.619" level="INFO">${START_X} = 540.0</msg>
<status status="PASS" starttime="20220208 12:30:32.617" endtime="20220208 12:30:32.619"/>
</kw>
<kw name="Evaluate" library="BuiltIn">
<var>${START_Y}</var>
<arg>${ELEMENT_LOCATION['y']} + (${ELEMENT_SIZE['height']} * 0.7)</arg>
<doc>Evaluates the given expression in Python and returns the result.</doc>
<msg timestamp="20220208 12:30:32.623" level="INFO">${START_Y} = 1599.6</msg>
<status status="PASS" starttime="20220208 12:30:32.620" endtime="20220208 12:30:32.623"/>
</kw>
<kw name="Evaluate" library="BuiltIn">
<var>${END_X}</var>
<arg>${ELEMENT_LOCATION['x']} + (${ELEMENT_SIZE['width']} * 0.5)</arg>
<doc>Evaluates the given expression in Python and returns the result.</doc>
<msg timestamp="20220208 12:30:32.625" level="INFO">${END_X} = 540.0</msg>
<status status="PASS" starttime="20220208 12:30:32.623" endtime="20220208 12:30:32.625"/>
</kw>
<kw name="Evaluate" library="BuiltIn">
<var>${END_Y}</var>
<arg>${ELEMENT_LOCATION['y']} + (${ELEMENT_SIZE['height']} * 0.3)</arg>
<doc>Evaluates the given expression in Python and returns the result.</doc>
<msg timestamp="20220208 12:30:32.628" level="INFO">${END_Y} = 1084.4</msg>
<status status="PASS" starttime="20220208 12:30:32.625" endtime="20220208 12:30:32.628"/>
</kw>
<kw name="Swipe" library="AppiumLibrary">
<arg>${START_X}</arg>
<arg>${START_Y}</arg>
<arg>${END_X}</arg>
<arg>${END_Y}</arg>
<arg>500</arg>
<doc>Swipe from one point to another point, for an optional duration.</doc>
<status status="PASS" starttime="20220208 12:30:32.628" endtime="20220208 12:30:33.785"/>
</kw>
<kw name="Sleep" library="BuiltIn">
<arg>1</arg>
<doc>Pauses the test executed for the given time.</doc>
<msg timestamp="20220208 12:30:34.795" level="INFO">Slept 1 second</msg>
<status status="PASS" starttime="20220208 12:30:33.786" endtime="20220208 12:30:34.795"/>
</kw>
<status status="PASS" starttime="20220208 12:30:30.693" endtime="20220208 12:30:34.796"/>
</kw>
<kw name="Swipe Up" library="android-res">
<arg>${LIBRARY-FILESANDFOLDERS-LIST}</arg>
<kw name="Get Substring" library="String">
<var>${LIST-ID-SUBSTRING}</var>
<arg>${LIST-ID}</arg>
<arg>3</arg>
<doc>Returns a substring from ``start`` index to ``end`` index.</doc>
<msg timestamp="20220208 12:30:34.798" level="INFO">${LIST-ID-SUBSTRING} = com.flir.tools.debug:id/rv_items</msg>
<status status="PASS" starttime="20220208 12:30:34.798" endtime="20220208 12:30:34.798"/>
</kw>
<kw name="Set Variable" library="BuiltIn">
<var>${LIST-ID}</var>
<arg>${LIST-ID-SUBSTRING}</arg>
<doc>Returns the given values which can then be assigned to a variables.</doc>
<msg timestamp="20220208 12:30:34.798" level="INFO">${LIST-ID} = com.flir.tools.debug:id/rv_items</msg>
<status status="PASS" starttime="20220208 12:30:34.798" endtime="20220208 12:30:34.799"/>
</kw>
<kw name="Get Element Size" library="AppiumLibrary">
<var>${ELEMENT_SIZE}</var>
<arg>id=${LIST-ID}</arg>
<doc>Get element size</doc>
<msg timestamp="20220208 12:30:35.049" level="INFO">Element 'id=com.flir.tools.debug:id/rv_items' size: {'height': 1734, 'width': 1080} </msg>
<msg timestamp="20220208 12:30:35.049" level="INFO">${ELEMENT_SIZE} = {'height': 1734, 'width': 1080}</msg>
<status status="PASS" starttime="20220208 12:30:34.799" endtime="20220208 12:30:35.049"/>
</kw>
<kw name="Get Element Location" library="AppiumLibrary">
<var>${ELEMENT_LOCATION}</var>
<arg>id=${LIST-ID}</arg>
<doc>Get element location</doc>
<msg timestamp="20220208 12:30:35.266" level="INFO">Element 'id=com.flir.tools.debug:id/rv_items' location: {'x': 0, 'y': 252} </msg>
<msg timestamp="20220208 12:30:35.267" level="INFO">${ELEMENT_LOCATION} = {'x': 0, 'y': 252}</msg>
<status status="PASS" starttime="20220208 12:30:35.049" endtime="20220208 12:30:35.267"/>
</kw>
<kw name="Evaluate" library="BuiltIn">
<var>${START_X}</var>
<arg>${ELEMENT_LOCATION['x']} + (${ELEMENT_SIZE['width']} * 0.5)</arg>
<doc>Evaluates the given expression in Python and returns the result.</doc>
<msg timestamp="20220208 12:30:35.269" level="INFO">${START_X} = 540.0</msg>
<status status="PASS" starttime="20220208 12:30:35.267" endtime="20220208 12:30:35.269"/>
</kw>
<kw name="Evaluate" library="BuiltIn">
<var>${START_Y}</var>
<arg>${ELEMENT_LOCATION['y']} + (${ELEMENT_SIZE['height']} * 0.7)</arg>
<doc>Evaluates the given expression in Python and returns the result.</doc>
<msg timestamp="20220208 12:30:35.271" level="INFO">${START_Y} = 1465.8</msg>
<status status="PASS" starttime="20220208 12:30:35.269" endtime="20220208 12:30:35.271"/>
</kw>
<kw name="Evaluate" library="BuiltIn">
<var>${END_X}</var>
<arg>${ELEMENT_LOCATION['x']} + (${ELEMENT_SIZE['width']} * 0.5)</arg>
<doc>Evaluates the given expression in Python and returns the result.</doc>
<msg timestamp="20220208 12:30:35.272" level="INFO">${END_X} = 540.0</msg>
<status status="PASS" starttime="20220208 12:30:35.271" endtime="20220208 12:30:35.272"/>
</kw>
<kw name="Evaluate" library="BuiltIn">
<var>${END_Y}</var>
<arg>${ELEMENT_LOCATION['y']} + (${ELEMENT_SIZE['height']} * 0.3)</arg>
<doc>Evaluates the given expression in Python and returns the result.</doc>
<msg timestamp="20220208 12:30:35.274" level="INFO">${END_Y} = 772.1999999999999</msg>
<status status="PASS" starttime="20220208 12:30:35.273" endtime="20220208 12:30:35.274"/>
</kw>
<kw name="Swipe" library="AppiumLibrary">
<arg>${START_X}</arg>
<arg>${START_Y}</arg>
<arg>${END_X}</arg>
<arg>${END_Y}</arg>
<arg>500</arg>
<doc>Swipe from one point to another point, for an optional duration.</doc>
<status status="PASS" starttime="20220208 12:30:35.274" endtime="20220208 12:30:36.359"/>
</kw>
<kw name="Sleep" library="BuiltIn">
<arg>1</arg>
<doc>Pauses the test executed for the given time.</doc>
<msg timestamp="20220208 12:30:37.361" level="INFO">Slept 1 second</msg>
<status status="PASS" starttime="20220208 12:30:36.359" endtime="20220208 12:30:37.362"/>
</kw>
<status status="PASS" starttime="20220208 12:30:34.797" endtime="20220208 12:30:37.363"/>
</kw>
<kw name="Swipe Up" library="android-res">
<arg>${LIBRARY-FILESANDFOLDERS-LIST}</arg>
<kw name="Get Substring" library="String">
<var>${LIST-ID-SUBSTRING}</var>
<arg>${LIST-ID}</arg>
<arg>3</arg>
<doc>Returns a substring from ``start`` index to ``end`` index.</doc>
<msg timestamp="20220208 12:30:37.366" level="INFO">${LIST-ID-SUBSTRING} = com.flir.tools.debug:id/rv_items</msg>
<status status="PASS" starttime="20220208 12:30:37.365" endtime="20220208 12:30:37.366"/>
</kw>
<kw name="Set Variable" library="BuiltIn">
<var>${LIST-ID}</var>
<arg>${LIST-ID-SUBSTRING}</arg>
<doc>Returns the given values which can then be assigned to a variables.</doc>
<msg timestamp="20220208 12:30:37.367" level="INFO">${LIST-ID} = com.flir.tools.debug:id/rv_items</msg>
<status status="PASS" starttime="20220208 12:30:37.366" endtime="20220208 12:30:37.367"/>
</kw>
<kw name="Get Element Size" library="AppiumLibrary">
<var>${ELEMENT_SIZE}</var>
<arg>id=${LIST-ID}</arg>
<doc>Get element size</doc>
<msg timestamp="20220208 12:30:37.586" level="INFO">Element 'id=com.flir.tools.debug:id/rv_items' size: {'height': 1734, 'width': 1080} </msg>
<msg timestamp="20220208 12:30:37.586" level="INFO">${ELEMENT_SIZE} = {'height': 1734, 'width': 1080}</msg>
<status status="PASS" starttime="20220208 12:30:37.367" endtime="20220208 12:30:37.587"/>
</kw>
<kw name="Get Element Location" library="AppiumLibrary">
<var>${ELEMENT_LOCATION}</var>
<arg>id=${LIST-ID}</arg>
<doc>Get element location</doc>
<msg timestamp="20220208 12:30:37.782" level="INFO">Element 'id=com.flir.tools.debug:id/rv_items' location: {'x': 0, 'y': 252} </msg>
<msg timestamp="20220208 12:30:37.782" level="INFO">${ELEMENT_LOCATION} = {'x': 0, 'y': 252}</msg>
<status status="PASS" starttime="20220208 12:30:37.587" endtime="20220208 12:30:37.783"/>
</kw>
<kw name="Evaluate" library="BuiltIn">
<var>${START_X}</var>
<arg>${ELEMENT_LOCATION['x']} + (${ELEMENT_SIZE['width']} * 0.5)</arg>
<doc>Evaluates the given expression in Python and returns the result.</doc>
<msg timestamp="20220208 12:30:37.784" level="INFO">${START_X} = 540.0</msg>
<status status="PASS" starttime="20220208 12:30:37.783" endtime="20220208 12:30:37.784"/>
</kw>
<kw name="Evaluate" library="BuiltIn">
<var>${START_Y}</var>
<arg>${ELEMENT_LOCATION['y']} + (${ELEMENT_SIZE['height']} * 0.7)</arg>
<doc>Evaluates the given expression in Python and returns the result.</doc>
<msg timestamp="20220208 12:30:37.786" level="INFO">${START_Y} = 1465.8</msg>
<status status="PASS" starttime="20220208 12:30:37.785" endtime="20220208 12:30:37.786"/>
</kw>
<kw name="Evaluate" library="BuiltIn">
<var>${END_X}</var>
<arg>${ELEMENT_LOCATION['x']} + (${ELEMENT_SIZE['width']} * 0.5)</arg>
<doc>Evaluates the given expression in Python and returns the result.</doc>
<msg timestamp="20220208 12:30:37.788" level="INFO">${END_X} = 540.0</msg>
<status status="PASS" starttime="20220208 12:30:37.786" endtime="20220208 12:30:37.788"/>
</kw>
<kw name="Evaluate" library="BuiltIn">
<var>${END_Y}</var>
<arg>${ELEMENT_LOCATION['y']} + (${ELEMENT_SIZE['height']} * 0.3)</arg>
<doc>Evaluates the given expression in Python and returns the result.</doc>
<msg timestamp="20220208 12:30:37.791" level="INFO">${END_Y} = 772.1999999999999</msg>
<status status="PASS" starttime="20220208 12:30:37.788" endtime="20220208 12:30:37.791"/>
</kw>
<kw name="Swipe" library="AppiumLibrary">
<arg>${START_X}</arg>
<arg>${START_Y}</arg>
<arg>${END_X}</arg>
<arg>${END_Y}</arg>
<arg>500</arg>
<doc>Swipe from one point to another point, for an optional duration.</doc>
<status status="PASS" starttime="20220208 12:30:37.791" endtime="20220208 12:30:38.858"/>
</kw>
<kw name="Sleep" library="BuiltIn">
<arg>1</arg>
<doc>Pauses the test executed for the given time.</doc>
<msg timestamp="20220208 12:30:39.865" level="INFO">Slept 1 second</msg>
<status status="PASS" starttime="20220208 12:30:38.859" endtime="20220208 12:30:39.865"/>
</kw>
<status status="PASS" starttime="20220208 12:30:37.364" endtime="20220208 12:30:39.866"/>
</kw>
<kw name="Swipe Down" library="android-res">
<arg>${LIBRARY-FILESANDFOLDERS-LIST}</arg>
<kw name="Get Substring" library="String">
<var>${LIST-ID-SUBSTRING}</var>
<arg>${LIST-ID}</arg>
<arg>3</arg>
<doc>Returns a substring from ``start`` index to ``end`` index.</doc>
<msg timestamp="20220208 12:30:39.869" level="INFO">${LIST-ID-SUBSTRING} = com.flir.tools.debug:id/rv_items</msg>
<status status="PASS" starttime="20220208 12:30:39.868" endtime="20220208 12:30:39.869"/>
</kw>
<kw name="Set Variable" library="BuiltIn">
<var>${LIST-ID}</var>
<arg>${LIST-ID-SUBSTRING}</arg>
<doc>Returns the given values which can then be assigned to a variables.</doc>
<msg timestamp="20220208 12:30:39.871" level="INFO">${LIST-ID} = com.flir.tools.debug:id/rv_items</msg>
<status status="PASS" starttime="20220208 12:30:39.870" endtime="20220208 12:30:39.871"/>
</kw>
<kw name="Get Element Size" library="AppiumLibrary">
<var>${ELEMENT_SIZE}</var>
<arg>id=${LIST-ID}</arg>
<doc>Get element size</doc>
<msg timestamp="20220208 12:30:40.101" level="INFO">Element 'id=com.flir.tools.debug:id/rv_items' size: {'height': 1734, 'width': 1080} </msg>
<msg timestamp="20220208 12:30:40.101" level="INFO">${ELEMENT_SIZE} = {'height': 1734, 'width': 1080}</msg>
<status status="PASS" starttime="20220208 12:30:39.871" endtime="20220208 12:30:40.102"/>
</kw>
<kw name="Get Element Location" library="AppiumLibrary">
<var>${ELEMENT_LOCATION}</var>
<arg>id=${LIST-ID}</arg>
<doc>Get element location</doc>
<msg timestamp="20220208 12:30:40.282" level="INFO">Element 'id=com.flir.tools.debug:id/rv_items' location: {'x': 0, 'y': 252} </msg>
<msg timestamp="20220208 12:30:40.282" level="INFO">${ELEMENT_LOCATION} = {'x': 0, 'y': 252}</msg>
<status status="PASS" starttime="20220208 12:30:40.102" endtime="20220208 12:30:40.282"/>
</kw>
<kw name="Evaluate" library="BuiltIn">
<var>${START_X}</var>
<arg>${ELEMENT_LOCATION['x']} + (${ELEMENT_SIZE['width']} * 0.5)</arg>
<doc>Evaluates the given expression in Python and returns the result.</doc>
<msg timestamp="20220208 12:30:40.284" level="INFO">${START_X} = 540.0</msg>
<status status="PASS" starttime="20220208 12:30:40.283" endtime="20220208 12:30:40.284"/>
</kw>
<kw name="Evaluate" library="BuiltIn">
<var>${START_Y}</var>
<arg>${ELEMENT_LOCATION['y']} + (${ELEMENT_SIZE['height']} * 0.3)</arg>
<doc>Evaluates the given expression in Python and returns the result.</doc>
<msg timestamp="20220208 12:30:40.286" level="INFO">${START_Y} = 772.1999999999999</msg>
<status status="PASS" starttime="20220208 12:30:40.285" endtime="20220208 12:30:40.286"/>
</kw>
<kw name="Evaluate" library="BuiltIn">
<var>${END_X}</var>
<arg>${ELEMENT_LOCATION['x']} + (${ELEMENT_SIZE['width']} * 0.5)</arg>
<doc>Evaluates the given expression in Python and returns the result.</doc>
<msg timestamp="20220208 12:30:40.289" level="INFO">${END_X} = 540.0</msg>
<status status="PASS" starttime="20220208 12:30:40.287" endtime="20220208 12:30:40.289"/>
</kw>
<kw name="Evaluate" library="BuiltIn">
<var>${END_Y}</var>
<arg>${ELEMENT_LOCATION['y']} + (${ELEMENT_SIZE['height']} * 0.7)</arg>
<doc>Evaluates the given expression in Python and returns the result.</doc>
<msg timestamp="20220208 12:30:40.291" level="INFO">${END_Y} = 1465.8</msg>
<status status="PASS" starttime="20220208 12:30:40.289" endtime="20220208 12:30:40.291"/>
</kw>
<kw name="Swipe" library="AppiumLibrary">
<arg>${START_X}</arg>
<arg>${START_Y}</arg>
<arg>${END_X}</arg>
<arg>${END_Y}</arg>
<arg>500</arg>
<doc>Swipe from one point to another point, for an optional duration.</doc>
<status status="PASS" starttime="20220208 12:30:40.291" endtime="20220208 12:30:41.391"/>
</kw>
<kw name="Sleep" library="BuiltIn">
<arg>1</arg>
<doc>Pauses the test executed for the given time.</doc>
<msg timestamp="20220208 12:30:42.403" level="INFO">Slept 1 second</msg>
<status status="PASS" starttime="20220208 12:30:41.392" endtime="20220208 12:30:42.403"/>
</kw>
<status status="PASS" starttime="20220208 12:30:39.867" endtime="20220208 12:30:42.404"/>
</kw>
<kw name="Swipe Down" library="android-res">
<arg>${LIBRARY-FILESANDFOLDERS-LIST}</arg>
<kw name="Get Substring" library="String">
<var>${LIST-ID-SUBSTRING}</var>
<arg>${LIST-ID}</arg>
<arg>3</arg>
<doc>Returns a substring from ``start`` index to ``end`` index.</doc>
<msg timestamp="20220208 12:30:42.406" level="INFO">${LIST-ID-SUBSTRING} = com.flir.tools.debug:id/rv_items</msg>
<status status="PASS" starttime="20220208 12:30:42.406" endtime="20220208 12:30:42.407"/>
</kw>
<kw name="Set Variable" library="BuiltIn">
<var>${LIST-ID}</var>
<arg>${LIST-ID-SUBSTRING}</arg>
<doc>Returns the given values which can then be assigned to a variables.</doc>
<msg timestamp="20220208 12:30:42.407" level="INFO">${LIST-ID} = com.flir.tools.debug:id/rv_items</msg>
<status status="PASS" starttime="20220208 12:30:42.407" endtime="20220208 12:30:42.408"/>
</kw>
<kw name="Get Element Size" library="AppiumLibrary">
<var>${ELEMENT_SIZE}</var>
<arg>id=${LIST-ID}</arg>
<doc>Get element size</doc>
<msg timestamp="20220208 12:30:42.616" level="INFO">Element 'id=com.flir.tools.debug:id/rv_items' size: {'height': 1288, 'width': 1080} </msg>
<msg timestamp="20220208 12:30:42.616" level="INFO">${ELEMENT_SIZE} = {'height': 1288, 'width': 1080}</msg>
<status status="PASS" starttime="20220208 12:30:42.408" endtime="20220208 12:30:42.616"/>
</kw>
<kw name="Get Element Location" library="AppiumLibrary">
<var>${ELEMENT_LOCATION}</var>
<arg>id=${LIST-ID}</arg>
<doc>Get element location</doc>
<msg timestamp="20220208 12:30:42.771" level="INFO">Element 'id=com.flir.tools.debug:id/rv_items' location: {'x': 0, 'y': 698} </msg>
<msg timestamp="20220208 12:30:42.772" level="INFO">${ELEMENT_LOCATION} = {'x': 0, 'y': 698}</msg>
<status status="PASS" starttime="20220208 12:30:42.617" endtime="20220208 12:30:42.772"/>
</kw>
<kw name="Evaluate" library="BuiltIn">
<var>${START_X}</var>
<arg>${ELEMENT_LOCATION['x']} + (${ELEMENT_SIZE['width']} * 0.5)</arg>
<doc>Evaluates the given expression in Python and returns the result.</doc>
<msg timestamp="20220208 12:30:42.774" level="INFO">${START_X} = 540.0</msg>
<status status="PASS" starttime="20220208 12:30:42.772" endtime="20220208 12:30:42.774"/>
</kw>
<kw name="Evaluate" library="BuiltIn">
<var>${START_Y}</var>
<arg>${ELEMENT_LOCATION['y']} + (${ELEMENT_SIZE['height']} * 0.3)</arg>
<doc>Evaluates the given expression in Python and returns the result.</doc>
<msg timestamp="20220208 12:30:42.775" level="INFO">${START_Y} = 1084.4</msg>
<status status="PASS" starttime="20220208 12:30:42.774" endtime="20220208 12:30:42.775"/>
</kw>
<kw name="Evaluate" library="BuiltIn">
<var>${END_X}</var>
<arg>${ELEMENT_LOCATION['x']} + (${ELEMENT_SIZE['width']} * 0.5)</arg>
<doc>Evaluates the given expression in Python and returns the result.</doc>
<msg timestamp="20220208 12:30:42.777" level="INFO">${END_X} = 540.0</msg>
<status status="PASS" starttime="20220208 12:30:42.776" endtime="20220208 12:30:42.778"/>
</kw>
<kw name="Evaluate" library="BuiltIn">
<var>${END_Y}</var>
<arg>${ELEMENT_LOCATION['y']} + (${ELEMENT_SIZE['height']} * 0.7)</arg>
<doc>Evaluates the given expression in Python and returns the result.</doc>
<msg timestamp="20220208 12:30:42.780" level="INFO">${END_Y} = 1599.6</msg>
<status status="PASS" starttime="20220208 12:30:42.778" endtime="20220208 12:30:42.780"/>
</kw>
<kw name="Swipe" library="AppiumLibrary">
<arg>${START_X}</arg>
<arg>${START_Y}</arg>
<arg>${END_X}</arg>
<arg>${END_Y}</arg>
<arg>500</arg>
<doc>Swipe from one point to another point, for an optional duration.</doc>
<status status="PASS" starttime="20220208 12:30:42.781" endtime="20220208 12:30:43.931"/>
</kw>
<kw name="Sleep" library="BuiltIn">
<arg>1</arg>
<doc>Pauses the test executed for the given time.</doc>
<msg timestamp="20220208 12:30:44.935" level="INFO">Slept 1 second</msg>
<status status="PASS" starttime="20220208 12:30:43.932" endtime="20220208 12:30:44.936"/>
</kw>
<status status="PASS" starttime="20220208 12:30:42.405" endtime="20220208 12:30:44.937"/>
</kw>
<status status="PASS" starttime="20220208 12:30:14.708" endtime="20220208 12:30:44.940"/>
</test>
<status status="PASS" starttime="20220208 12:30:13.065" endtime="20220208 12:30:44.948"/>
</suite>
<statistics>
<total>
<stat pass="1" fail="0" skip="0">All Tests</stat>
</total>
<tag>
</tag>
<suite>
<stat pass="1" fail="0" skip="0" id="s1" name="Folder tests">Folder tests</stat>
</suite>
</statistics>
<errors>
</errors>
</robot>
